<?xml version="1.0" encoding="UTF-8"?>
<testsuite xmlns:xsi="http://www.w3.org/2001/XMLSchema-instance" xsi:noNamespaceSchemaLocation="https://maven.apache.org/surefire/maven-surefire-plugin/xsd/surefire-test-report-3.0.xsd" version="3.0" name="com.example.game.component.GameLogicTest" time="0.011" tests="7" errors="0" skipped="0" failures="0">
  <properties>
[...]
</properties>
  <testcase name="testBoardSize" classname="com.example.game.component.GameLogicTest" time="0.003"/>
  <testcase name="testClearLinesSetup" classname="com.example.game.component.GameLogicTest" time="0.001"/>
  <testcase name="testBlockMovement" classname="com.example.game.component.GameLogicTest" time="0.0"/>
  <testcase name="testBlockRotation" classname="com.example.game.component.GameLogicTest" time="0.002"/>
  <testcase name="testInitialization" classname="com.example.game.component.GameLogicTest" time="0.001"/>
  <testcase name="testRandomBlockGeneration" classname="com.example.game.component.GameLogicTest" time="0.001"/>
  <testcase name="testGameReset" classname="com.example.game.component.GameLogicTest" time="0.001"/>
</testsuite>